<?xml version="1.0" encoding="UTF-8"?>
<testng-results ignored="0" total="1" passed="1" failed="0" skipped="0">
  <reporter-output>
  </reporter-output>
  <suite started-at="2024-08-16T18:26:28 IST" name="Default suite" finished-at="2024-08-16T18:26:43 IST" duration-ms="15536">
    <groups>
    </groups>
    <test started-at="2024-08-16T18:26:28 IST" name="Default test" finished-at="2024-08-16T18:26:43 IST" duration-ms="15536">
      <class name="NewTest">
        <test-method signature="method01()[pri:0, instance:NewTest@1573f9fc]" started-at="2024-08-16T18:26:28 IST" name="method01" finished-at="2024-08-16T18:26:43 IST" duration-ms="15488" status="PASS">
          <reporter-output>
          </reporter-output>
        </test-method> <!-- method01 -->
      </class> <!-- NewTest -->
    </test> <!-- Default test -->
  </suite> <!-- Default suite -->
</testng-results>
